  源.c
D:\C__代码\struct_\源.c(150,33): error C2143: 语法错误: 缺少“)”(在“,”的前面)
D:\C__代码\struct_\源.c(150,36): error C2059: 语法错误:“)”
D:\C__代码\struct_\源.c(150,37): error C2059: 语法错误:“)”
D:\C__代码\struct_\源.c(150,38): error C2065: “c”: 未声明的标识符
D:\C__代码\struct_\源.c(150,38): error C2143: 语法错误: 缺少“)”(在“;”的前面)
D:\C__代码\struct_\源.c(150,35): warning C4474: printf: 格式字符串中传递的参数太多
D:\C__代码\struct_\源.c(150,35): message : 占位符和其参数预计 1 可变参数，但提供的却是 2 参数
D:\C__代码\struct_\源.c(151,33): error C2143: 语法错误: 缺少“)”(在“,”的前面)
D:\C__代码\struct_\源.c(151,36): error C2059: 语法错误:“)”
D:\C__代码\struct_\源.c(151,37): error C2059: 语法错误:“)”
D:\C__代码\struct_\源.c(151,38): error C2065: “i”: 未声明的标识符
D:\C__代码\struct_\源.c(151,38): error C2143: 语法错误: 缺少“)”(在“;”的前面)
D:\C__代码\struct_\源.c(151,35): warning C4474: printf: 格式字符串中传递的参数太多
D:\C__代码\struct_\源.c(151,35): message : 占位符和其参数预计 1 可变参数，但提供的却是 2 参数
D:\C__代码\struct_\源.c(152,33): error C2143: 语法错误: 缺少“)”(在“,”的前面)
D:\C__代码\struct_\源.c(152,36): error C2059: 语法错误:“)”
D:\C__代码\struct_\源.c(152,37): error C2059: 语法错误:“)”
D:\C__代码\struct_\源.c(152,38): error C2065: “d”: 未声明的标识符
D:\C__代码\struct_\源.c(152,38): error C2143: 语法错误: 缺少“)”(在“;”的前面)
D:\C__代码\struct_\源.c(152,35): warning C4474: printf: 格式字符串中传递的参数太多
D:\C__代码\struct_\源.c(152,35): message : 占位符和其参数预计 1 可变参数，但提供的却是 2 参数
