  源.c
C:\Program Files (x86)\Microsoft Visual Studio\2019\Community\VC\Tools\MSVC\14.28.29910\include\cstdio(33,1): error C2061: 语法错误: 标识符“std”
C:\Program Files (x86)\Microsoft Visual Studio\2019\Community\VC\Tools\MSVC\14.28.29910\include\cstdio(33,1): error C2059: 语法错误:“;”
C:\Program Files (x86)\Microsoft Visual Studio\2019\Community\VC\Tools\MSVC\14.28.29910\include\cstdio(33,1): error C2449: 在文件范围内找到“{”(是否缺少函数头?)
C:\Program Files (x86)\Microsoft Visual Studio\2019\Community\VC\Tools\MSVC\14.28.29910\include\cstdio(91,1): error C2059: 语法错误:“}”
C:\Program Files (x86)\Microsoft Visual Studio\2019\Community\VC\Tools\MSVC\14.28.29910\include\iosfwd(178,9): warning C4157: C 编译器忽略了 pragma
C:\Program Files (x86)\Microsoft Visual Studio\2019\Community\VC\Tools\MSVC\14.28.29910\include\iosfwd(183,9): warning C4157: C 编译器忽略了 pragma
C:\Program Files (x86)\Microsoft Visual Studio\2019\Community\VC\Tools\MSVC\14.28.29910\include\type_traits(334,33): error C4233: 使用了非标准扩展: 仅在 C++ 中支持“__is_union”关键字，C 中不支持
C:\Program Files (x86)\Microsoft Visual Studio\2019\Community\VC\Tools\MSVC\14.28.29910\include\type_traits(337,41): error C4233: 使用了非标准扩展: 仅在 C++ 中支持“__is_union”关键字，C 中不支持
C:\Program Files (x86)\Microsoft Visual Studio\2019\Community\VC\Tools\MSVC\14.28.29910\include\type_traits(341,33): error C4233: 使用了非标准扩展: 仅在 C++ 中支持“__is_class”关键字，C 中不支持
C:\Program Files (x86)\Microsoft Visual Studio\2019\Community\VC\Tools\MSVC\14.28.29910\include\type_traits(344,41): error C4233: 使用了非标准扩展: 仅在 C++ 中支持“__is_class”关键字，C 中不支持
C:\Program Files (x86)\Microsoft Visual Studio\2019\Community\VC\Tools\MSVC\14.28.29910\include\type_traits(355,39): error C4233: 使用了非标准扩展: 仅在 C++ 中支持“__is_convertible_to”关键字，C 中不支持
C:\Program Files (x86)\Microsoft Visual Studio\2019\Community\VC\Tools\MSVC\14.28.29910\include\type_traits(360,47): error C4233: 使用了非标准扩展: 仅在 C++ 中支持“__is_convertible_to”关键字，C 中不支持
C:\Program Files (x86)\Microsoft Visual Studio\2019\Community\VC\Tools\MSVC\14.28.29910\include\type_traits(364,32): error C4233: 使用了非标准扩展: 仅在 C++ 中支持“__is_enum”关键字，C 中不支持
C:\Program Files (x86)\Microsoft Visual Studio\2019\Community\VC\Tools\MSVC\14.28.29910\include\type_traits(367,40): error C4233: 使用了非标准扩展: 仅在 C++ 中支持“__is_enum”关键字，C 中不支持
C:\Program Files (x86)\Microsoft Visual Studio\2019\Community\VC\Tools\MSVC\14.28.29910\include\type_traits(515,55): error C4233: 使用了非标准扩展: 仅在 C++ 中支持“__is_pod”关键字，C 中不支持
C:\Program Files (x86)\Microsoft Visual Studio\2019\Community\VC\Tools\MSVC\14.28.29910\include\type_traits(518,63): error C4233: 使用了非标准扩展: 仅在 C++ 中支持“__is_pod”关键字，C 中不支持
C:\Program Files (x86)\Microsoft Visual Studio\2019\Community\VC\Tools\MSVC\14.28.29910\include\type_traits(522,33): error C4233: 使用了非标准扩展: 仅在 C++ 中支持“__is_empty”关键字，C 中不支持
C:\Program Files (x86)\Microsoft Visual Studio\2019\Community\VC\Tools\MSVC\14.28.29910\include\type_traits(525,41): error C4233: 使用了非标准扩展: 仅在 C++ 中支持“__is_empty”关键字，C 中不支持
C:\Program Files (x86)\Microsoft Visual Studio\2019\Community\VC\Tools\MSVC\14.28.29910\include\type_traits(529,39): error C4233: 使用了非标准扩展: 仅在 C++ 中支持“__is_polymorphic”关键字，C 中不支持
C:\Program Files (x86)\Microsoft Visual Studio\2019\Community\VC\Tools\MSVC\14.28.29910\include\type_traits(532,47): error C4233: 使用了非标准扩展: 仅在 C++ 中支持“__is_polymorphic”关键字，C 中不支持
C:\Program Files (x86)\Microsoft Visual Studio\2019\Community\VC\Tools\MSVC\14.28.29910\include\type_traits(536,36): error C4233: 使用了非标准扩展: 仅在 C++ 中支持“__is_abstract”关键字，C 中不支持
C:\Program Files (x86)\Microsoft Visual Studio\2019\Community\VC\Tools\MSVC\14.28.29910\include\type_traits(539,44): error C4233: 使用了非标准扩展: 仅在 C++ 中支持“__is_abstract”关键字，C 中不支持
C:\Program Files (x86)\Microsoft Visual Studio\2019\Community\VC\Tools\MSVC\14.28.29910\include\type_traits(543,33): error C4233: 使用了非标准扩展: 仅在 C++ 中支持“__is_final”关键字，C 中不支持
C:\Program Files (x86)\Microsoft Visual Studio\2019\Community\VC\Tools\MSVC\14.28.29910\include\type_traits(546,41): error C4233: 使用了非标准扩展: 仅在 C++ 中支持“__is_final”关键字，C 中不支持
C:\Program Files (x86)\Microsoft Visual Studio\2019\Community\VC\Tools\MSVC\14.28.29910\include\type_traits(550,43): error C4233: 使用了非标准扩展: 仅在 C++ 中支持“__is_standard_layout”关键字，C 中不支持
C:\Program Files (x86)\Microsoft Visual Studio\2019\Community\VC\Tools\MSVC\14.28.29910\include\type_traits(553,51): error C4233: 使用了非标准扩展: 仅在 C++ 中支持“__is_standard_layout”关键字，C 中不支持
C:\Program Files (x86)\Microsoft Visual Studio\2019\Community\VC\Tools\MSVC\14.28.29910\include\type_traits(558,73): error C4233: 使用了非标准扩展: 仅在 C++ 中支持“__is_literal_type”关键字，C 中不支持
C:\Program Files (x86)\Microsoft Visual Studio\2019\Community\VC\Tools\MSVC\14.28.29910\include\type_traits(563,81): error C4233: 使用了非标准扩展: 仅在 C++ 中支持“__is_literal_type”关键字，C 中不支持
C:\Program Files (x86)\Microsoft Visual Studio\2019\Community\VC\Tools\MSVC\14.28.29910\include\type_traits(569,35): error C4233: 使用了非标准扩展: 仅在 C++ 中支持“__is_trivially_constructible”关键字，C 中不支持
C:\Program Files (x86)\Microsoft Visual Studio\2019\Community\VC\Tools\MSVC\14.28.29910\include\type_traits(569,72): error C4233: 使用了非标准扩展: 仅在 C++ 中支持“__is_trivially_copyable”关键字，C 中不支持
C:\Program Files (x86)\Microsoft Visual Studio\2019\Community\VC\Tools\MSVC\14.28.29910\include\type_traits(574,43): error C4233: 使用了非标准扩展: 仅在 C++ 中支持“__is_trivially_constructible”关键字，C 中不支持
C:\Program Files (x86)\Microsoft Visual Studio\2019\Community\VC\Tools\MSVC\14.28.29910\include\type_traits(574,80): error C4233: 使用了非标准扩展: 仅在 C++ 中支持“__is_trivially_copyable”关键字，C 中不支持
C:\Program Files (x86)\Microsoft Visual Studio\2019\Community\VC\Tools\MSVC\14.28.29910\include\type_traits(585,46): error C4233: 使用了非标准扩展: 仅在 C++ 中支持“__is_trivially_copyable”关键字，C 中不支持
C:\Program Files (x86)\Microsoft Visual Studio\2019\Community\VC\Tools\MSVC\14.28.29910\include\type_traits(590,54): error C4233: 使用了非标准扩展: 仅在 C++ 中支持“__is_trivially_copyable”关键字，C 中不支持
C:\Program Files (x86)\Microsoft Visual Studio\2019\Community\VC\Tools\MSVC\14.28.29910\include\type_traits(594,47): error C4233: 使用了非标准扩展: 仅在 C++ 中支持“__has_virtual_destructor”关键字，C 中不支持
C:\Program Files (x86)\Microsoft Visual Studio\2019\Community\VC\Tools\MSVC\14.28.29910\include\type_traits(599,55): error C4233: 使用了非标准扩展: 仅在 C++ 中支持“__has_virtual_destructor”关键字，C 中不支持
C:\Program Files (x86)\Microsoft Visual Studio\2019\Community\VC\Tools\MSVC\14.28.29910\include\type_traits(622,41): error C4233: 使用了非标准扩展: 仅在 C++ 中支持“__is_constructible”关键字，C 中不支持
C:\Program Files (x86)\Microsoft Visual Studio\2019\Community\VC\Tools\MSVC\14.28.29910\include\type_traits(627,49): error C4233: 使用了非标准扩展: 仅在 C++ 中支持“__is_constructible”关键字，C 中不支持
C:\Program Files (x86)\Microsoft Visual Studio\2019\Community\VC\Tools\MSVC\14.28.29910\include\type_traits(631,46): error C4233: 使用了非标准扩展: 仅在 C++ 中支持“__is_constructible”关键字，C 中不支持
C:\Program Files (x86)\Microsoft Visual Studio\2019\Community\VC\Tools\MSVC\14.28.29910\include\type_traits(636,54): error C4233: 使用了非标准扩展: 仅在 C++ 中支持“__is_constructible”关键字，C 中不支持
C:\Program Files (x86)\Microsoft Visual Studio\2019\Community\VC\Tools\MSVC\14.28.29910\include\type_traits(640,49): error C4233: 使用了非标准扩展: 仅在 C++ 中支持“__is_constructible”关键字，C 中不支持
C:\Program Files (x86)\Microsoft Visual Studio\2019\Community\VC\Tools\MSVC\14.28.29910\include\type_traits(645,57): error C4233: 使用了非标准扩展: 仅在 C++ 中支持“__is_constructible”关键字，C 中不支持
C:\Program Files (x86)\Microsoft Visual Studio\2019\Community\VC\Tools\MSVC\14.28.29910\include\type_traits(662,46): error C4233: 使用了非标准扩展: 仅在 C++ 中支持“__is_constructible”关键字，C 中不支持
C:\Program Files (x86)\Microsoft Visual Studio\2019\Community\VC\Tools\MSVC\14.28.29910\include\type_traits(667,54): error C4233: 使用了非标准扩展: 仅在 C++ 中支持“__is_constructible”关键字，C 中不支持
C:\Program Files (x86)\Microsoft Visual Studio\2019\Community\VC\Tools\MSVC\14.28.29910\include\type_traits(671,38): error C4233: 使用了非标准扩展: 仅在 C++ 中支持“__is_assignable”关键字，C 中不支持
C:\Program Files (x86)\Microsoft Visual Studio\2019\Community\VC\Tools\MSVC\14.28.29910\include\type_traits(674,46): error C4233: 使用了非标准扩展: 仅在 C++ 中支持“__is_assignable”关键字，C 中不支持
C:\Program Files (x86)\Microsoft Visual Studio\2019\Community\VC\Tools\MSVC\14.28.29910\include\type_traits(679,21): error C4233: 使用了非标准扩展: 仅在 C++ 中支持“__is_assignable”关键字，C 中不支持
C:\Program Files (x86)\Microsoft Visual Studio\2019\Community\VC\Tools\MSVC\14.28.29910\include\type_traits(684,51): error C4233: 使用了非标准扩展: 仅在 C++ 中支持“__is_assignable”关键字，C 中不支持
C:\Program Files (x86)\Microsoft Visual Studio\2019\Community\VC\Tools\MSVC\14.28.29910\include\type_traits(690,21): error C4233: 使用了非标准扩展: 仅在 C++ 中支持“__is_assignable_no_precondition_check”关键字，C 中不支持
C:\Program Files (x86)\Microsoft Visual Studio\2019\Community\VC\Tools\MSVC\14.28.29910\include\type_traits(694,62): error C4233: 使用了非标准扩展: 仅在 C++ 中支持“__is_assignable_no_precondition_check”关键字，C 中不支持
C:\Program Files (x86)\Microsoft Visual Studio\2019\Community\VC\Tools\MSVC\14.28.29910\include\type_traits(706,43): error C4233: 使用了非标准扩展: 仅在 C++ 中支持“__is_assignable”关键字，C 中不支持
C:\Program Files (x86)\Microsoft Visual Studio\2019\Community\VC\Tools\MSVC\14.28.29910\include\type_traits(711,51): error C4233: 使用了非标准扩展: 仅在 C++ 中支持“__is_assignable”关键字，C 中不支持
C:\Program Files (x86)\Microsoft Visual Studio\2019\Community\VC\Tools\MSVC\14.28.29910\include\type_traits(716,21): error C4233: 使用了非标准扩展: 仅在 C++ 中支持“__is_assignable_no_precondition_check”关键字，C 中不支持
C:\Program Files (x86)\Microsoft Visual Studio\2019\Community\VC\Tools\MSVC\14.28.29910\include\type_traits(719,62): error C4233: 使用了非标准扩展: 仅在 C++ 中支持“__is_assignable_no_precondition_check”关键字，C 中不支持
C:\Program Files (x86)\Microsoft Visual Studio\2019\Community\VC\Tools\MSVC\14.28.29910\include\type_traits(731,40): error C4233: 使用了非标准扩展: 仅在 C++ 中支持“__is_destructible”关键字，C 中不支持
C:\Program Files (x86)\Microsoft Visual Studio\2019\Community\VC\Tools\MSVC\14.28.29910\include\type_traits(736,48): error C4233: 使用了非标准扩展: 仅在 C++ 中支持“__is_destructible”关键字，C 中不支持
C:\Program Files (x86)\Microsoft Visual Studio\2019\Community\VC\Tools\MSVC\14.28.29910\include\type_traits(741,51): error C4233: 使用了非标准扩展: 仅在 C++ 中支持“__is_trivially_constructible”关键字，C 中不支持
C:\Program Files (x86)\Microsoft Visual Studio\2019\Community\VC\Tools\MSVC\14.28.29910\include\type_traits(746,59): error C4233: 使用了非标准扩展: 仅在 C++ 中支持“__is_trivially_constructible”关键字，C 中不支持
C:\Program Files (x86)\Microsoft Visual Studio\2019\Community\VC\Tools\MSVC\14.28.29910\include\type_traits(751,21): error C4233: 使用了非标准扩展: 仅在 C++ 中支持“__is_trivially_constructible”关键字，C 中不支持
C:\Program Files (x86)\Microsoft Visual Studio\2019\Community\VC\Tools\MSVC\14.28.29910\include\type_traits(756,64): error C4233: 使用了非标准扩展: 仅在 C++ 中支持“__is_trivially_constructible”关键字，C 中不支持
C:\Program Files (x86)\Microsoft Visual Studio\2019\Community\VC\Tools\MSVC\14.28.29910\include\type_traits(761,59): error C4233: 使用了非标准扩展: 仅在 C++ 中支持“__is_trivially_constructible”关键字，C 中不支持
C:\Program Files (x86)\Microsoft Visual Studio\2019\Community\VC\Tools\MSVC\14.28.29910\include\type_traits(766,67): error C4233: 使用了非标准扩展: 仅在 C++ 中支持“__is_trivially_constructible”关键字，C 中不支持
C:\Program Files (x86)\Microsoft Visual Studio\2019\Community\VC\Tools\MSVC\14.28.29910\include\type_traits(770,56): error C4233: 使用了非标准扩展: 仅在 C++ 中支持“__is_trivially_constructible”关键字，C 中不支持
C:\Program Files (x86)\Microsoft Visual Studio\2019\Community\VC\Tools\MSVC\14.28.29910\include\type_traits(775,64): error C4233: 使用了非标准扩展: 仅在 C++ 中支持“__is_trivially_constructible”关键字，C 中不支持
C:\Program Files (x86)\Microsoft Visual Studio\2019\Community\VC\Tools\MSVC\14.28.29910\include\type_traits(779,48): error C4233: 使用了非标准扩展: 仅在 C++ 中支持“__is_trivially_assignable”关键字，C 中不支持
C:\Program Files (x86)\Microsoft Visual Studio\2019\Community\VC\Tools\MSVC\14.28.29910\include\type_traits(784,56): error C4233: 使用了非标准扩展: 仅在 C++ 中支持“__is_trivially_assignable”关键字，C 中不支持
C:\Program Files (x86)\Microsoft Visual Studio\2019\Community\VC\Tools\MSVC\14.28.29910\include\type_traits(789,21): error C4233: 使用了非标准扩展: 仅在 C++ 中支持“__is_trivially_assignable”关键字，C 中不支持
C:\Program Files (x86)\Microsoft Visual Studio\2019\Community\VC\Tools\MSVC\14.28.29910\include\type_traits(794,61): error C4233: 使用了非标准扩展: 仅在 C++ 中支持“__is_trivially_assignable”关键字，C 中不支持
C:\Program Files (x86)\Microsoft Visual Studio\2019\Community\VC\Tools\MSVC\14.28.29910\include\type_traits(799,53): error C4233: 使用了非标准扩展: 仅在 C++ 中支持“__is_trivially_assignable”关键字，C 中不支持
C:\Program Files (x86)\Microsoft Visual Studio\2019\Community\VC\Tools\MSVC\14.28.29910\include\type_traits(804,61): error C4233: 使用了非标准扩展: 仅在 C++ 中支持“__is_trivially_assignable”关键字，C 中不支持
C:\Program Files (x86)\Microsoft Visual Studio\2019\Community\VC\Tools\MSVC\14.28.29910\include\type_traits(808,50): error C4233: 使用了非标准扩展: 仅在 C++ 中支持“__is_trivially_destructible”关键字，C 中不支持
C:\Program Files (x86)\Microsoft Visual Studio\2019\Community\VC\Tools\MSVC\14.28.29910\include\type_traits(813,58): error C4233: 使用了非标准扩展: 仅在 C++ 中支持“__is_trivially_destructible”关键字，C 中不支持
C:\Program Files (x86)\Microsoft Visual Studio\2019\Community\VC\Tools\MSVC\14.28.29910\include\type_traits(818,49): error C4233: 使用了非标准扩展: 仅在 C++ 中支持“__is_nothrow_constructible”关键字，C 中不支持
C:\Program Files (x86)\Microsoft Visual Studio\2019\Community\VC\Tools\MSVC\14.28.29910\include\type_traits(823,57): error C4233: 使用了非标准扩展: 仅在 C++ 中支持“__is_nothrow_constructible”关键字，C 中不支持
C:\Program Files (x86)\Microsoft Visual Studio\2019\Community\VC\Tools\MSVC\14.28.29910\include\type_traits(828,21): error C4233: 使用了非标准扩展: 仅在 C++ 中支持“__is_nothrow_constructible”关键字，C 中不支持
C:\Program Files (x86)\Microsoft Visual Studio\2019\Community\VC\Tools\MSVC\14.28.29910\include\type_traits(834,62): error C4233: 使用了非标准扩展: 仅在 C++ 中支持“__is_nothrow_constructible”关键字，C 中不支持
C:\Program Files (x86)\Microsoft Visual Studio\2019\Community\VC\Tools\MSVC\14.28.29910\include\type_traits(839,57): error C4233: 使用了非标准扩展: 仅在 C++ 中支持“__is_nothrow_constructible”关键字，C 中不支持
C:\Program Files (x86)\Microsoft Visual Studio\2019\Community\VC\Tools\MSVC\14.28.29910\include\type_traits(844,65): error C4233: 使用了非标准扩展: 仅在 C++ 中支持“__is_nothrow_constructible”关键字，C 中不支持
C:\Program Files (x86)\Microsoft Visual Studio\2019\Community\VC\Tools\MSVC\14.28.29910\include\type_traits(848,54): error C4233: 使用了非标准扩展: 仅在 C++ 中支持“__is_nothrow_constructible”关键字，C 中不支持
C:\Program Files (x86)\Microsoft Visual Studio\2019\Community\VC\Tools\MSVC\14.28.29910\include\type_traits(853,62): error C4233: 使用了非标准扩展: 仅在 C++ 中支持“__is_nothrow_constructible”关键字，C 中不支持
C:\Program Files (x86)\Microsoft Visual Studio\2019\Community\VC\Tools\MSVC\14.28.29910\include\type_traits(857,46): error C4233: 使用了非标准扩展: 仅在 C++ 中支持“__is_nothrow_assignable”关键字，C 中不支持
C:\Program Files (x86)\Microsoft Visual Studio\2019\Community\VC\Tools\MSVC\14.28.29910\include\type_traits(862,54): error C4233: 使用了非标准扩展: 仅在 C++ 中支持“__is_nothrow_assignable”关键字，C 中不支持
C:\Program Files (x86)\Microsoft Visual Studio\2019\Community\VC\Tools\MSVC\14.28.29910\include\type_traits(867,21): error C4233: 使用了非标准扩展: 仅在 C++ 中支持“__is_nothrow_assignable”关键字，C 中不支持
C:\Program Files (x86)\Microsoft Visual Studio\2019\Community\VC\Tools\MSVC\14.28.29910\include\type_traits(872,59): error C4233: 使用了非标准扩展: 仅在 C++ 中支持“__is_nothrow_assignable”关键字，C 中不支持
C:\Program Files (x86)\Microsoft Visual Studio\2019\Community\VC\Tools\MSVC\14.28.29910\include\type_traits(877,51): error C4233: 使用了非标准扩展: 仅在 C++ 中支持“__is_nothrow_assignable”关键字，C 中不支持
C:\Program Files (x86)\Microsoft Visual Studio\2019\Community\VC\Tools\MSVC\14.28.29910\include\type_traits(882,59): error C4233: 使用了非标准扩展: 仅在 C++ 中支持“__is_nothrow_assignable”关键字，C 中不支持
C:\Program Files (x86)\Microsoft Visual Studio\2019\Community\VC\Tools\MSVC\14.28.29910\include\type_traits(886,48): error C4233: 使用了非标准扩展: 仅在 C++ 中支持“__is_nothrow_destructible”关键字，C 中不支持
C:\Program Files (x86)\Microsoft Visual Studio\2019\Community\VC\Tools\MSVC\14.28.29910\include\type_traits(892,56): error C4233: 使用了非标准扩展: 仅在 C++ 中支持“__is_nothrow_destructible”关键字，C 中不支持
C:\Program Files (x86)\Microsoft Visual Studio\2019\Community\VC\Tools\MSVC\14.28.29910\include\type_traits(1142,18): error C4233: 使用了非标准扩展: 仅在 C++ 中支持“__underlying_type”关键字，C 中不支持
C:\Program Files (x86)\Microsoft Visual Studio\2019\Community\VC\Tools\MSVC\14.28.29910\include\type_traits(1185,35): error C4233: 使用了非标准扩展: 仅在 C++ 中支持“__is_base_of”关键字，C 中不支持
C:\Program Files (x86)\Microsoft Visual Studio\2019\Community\VC\Tools\MSVC\14.28.29910\include\type_traits(1190,43): error C4233: 使用了非标准扩展: 仅在 C++ 中支持“__is_base_of”关键字，C 中不支持
C:\Program Files (x86)\Windows Kits\10\Include\10.0.19041.0\um\winnt.h(1124,9): warning C4164: “_rotl”: 未声明的内部函数
C:\Program Files (x86)\Windows Kits\10\Include\10.0.19041.0\um\winnt.h(1125,9): warning C4164: “_rotl64”: 未声明的内部函数
C:\Program Files (x86)\Windows Kits\10\Include\10.0.19041.0\um\winnt.h(1126,9): warning C4164: “_rotr”: 未声明的内部函数
C:\Program Files (x86)\Windows Kits\10\Include\10.0.19041.0\um\winnt.h(1127,9): warning C4164: “_rotr64”: 未声明的内部函数
D:\C__代码\jiecheng\源.c(104,1): fatal error C1004: 发现意外的文件尾
